0 info it worked if it ends with ok
1 verbose cli [ '/usr/local/bin/node', '/usr/local/bin/npm', 'run', 'test' ]
2 info using npm@3.10.8
3 info using node@v6.6.0
4 verbose run-script [ 'pretest', 'test', 'posttest' ]
5 info lifecycle eel@1.0.0~pretest: eel@1.0.0
6 silly lifecycle eel@1.0.0~pretest: no script for pretest, continuing
7 info lifecycle eel@1.0.0~test: eel@1.0.0
8 verbose lifecycle eel@1.0.0~test: unsafe-perm in lifecycle true
9 verbose lifecycle eel@1.0.0~test: PATH: /usr/local/lib/node_modules/npm/bin/node-gyp-bin:/home/andre/andre.quina.barata@gmail.com/Documentos/Projectos/Electron/Term/node_modules/.bin:/home/andre/bin:/home/andre/.local/bin:/usr/local/sbin:/usr/local/bin:/usr/sbin:/usr/bin:/sbin:/bin:/usr/games:/usr/local/games:/snap/bin:/usr/local/bin
10 verbose lifecycle eel@1.0.0~test: CWD: /home/andre/andre.quina.barata@gmail.com/Documentos/Projectos/Electron/Term
11 silly lifecycle eel@1.0.0~test: Args: [ '-c', 'mocha ./tests/*.spec.js' ]
12 silly lifecycle eel@1.0.0~test: Returned: code: 1  signal: null
13 info lifecycle eel@1.0.0~test: Failed to exec test script
14 verbose stack Error: eel@1.0.0 test: `mocha ./tests/*.spec.js`
14 verbose stack Exit status 1
14 verbose stack     at EventEmitter.<anonymous> (/usr/local/lib/node_modules/npm/lib/utils/lifecycle.js:255:16)
14 verbose stack     at emitTwo (events.js:106:13)
14 verbose stack     at EventEmitter.emit (events.js:191:7)
14 verbose stack     at ChildProcess.<anonymous> (/usr/local/lib/node_modules/npm/lib/utils/spawn.js:40:14)
14 verbose stack     at emitTwo (events.js:106:13)
14 verbose stack     at ChildProcess.emit (events.js:191:7)
14 verbose stack     at maybeClose (internal/child_process.js:877:16)
14 verbose stack     at Process.ChildProcess._handle.onexit (internal/child_process.js:226:5)
15 verbose pkgid eel@1.0.0
16 verbose cwd /home/andre/andre.quina.barata@gmail.com/Documentos/Projectos/Electron/Term
17 error Linux 4.8.0-17-generic
18 error argv "/usr/local/bin/node" "/usr/local/bin/npm" "run" "test"
19 error node v6.6.0
20 error npm  v3.10.8
21 error code ELIFECYCLE
22 error eel@1.0.0 test: `mocha ./tests/*.spec.js`
22 error Exit status 1
23 error Failed at the eel@1.0.0 test script 'mocha ./tests/*.spec.js'.
23 error Make sure you have the latest version of node.js and npm installed.
23 error If you do, this is most likely a problem with the eel package,
23 error not with npm itself.
23 error Tell the author that this fails on your system:
23 error     mocha ./tests/*.spec.js
23 error You can get information on how to open an issue for this project with:
23 error     npm bugs eel
23 error Or if that isn't available, you can get their info via:
23 error     npm owner ls eel
23 error There is likely additional logging output above.
24 verbose exit [ 1, true ]
